-------------------------------------------------------------------------------
Test set: io.github.atommed.ads.MapTests
-------------------------------------------------------------------------------
Tests run: 7, Failures: 0, Errors: 3, Skipped: 0, Time elapsed: 116.089 sec <<< FAILURE!
TenElementSizeRetTen(io.github.atommed.ads.MapTests)  Time elapsed: 39.869 sec  <<< ERROR!
java.lang.OutOfMemoryError: Java heap space
	at io.github.atommed.ads.HashMap.grow(HashMap.java:116)
	at io.github.atommed.ads.HashMap.put(HashMap.java:129)
	at io.github.atommed.ads.HashMap.grow(HashMap.java:121)
	at io.github.atommed.ads.HashMap.put(HashMap.java:129)
	at io.github.atommed.ads.HashMap.grow(HashMap.java:121)
	at io.github.atommed.ads.HashMap.put(HashMap.java:129)
	at io.github.atommed.ads.HashMap.grow(HashMap.java:121)
	at io.github.atommed.ads.HashMap.put(HashMap.java:129)
	at io.github.atommed.ads.HashMap.grow(HashMap.java:121)
	at io.github.atommed.ads.HashMap.put(HashMap.java:129)
	at io.github.atommed.ads.HashMap.grow(HashMap.java:121)
	at io.github.atommed.ads.HashMap.put(HashMap.java:129)
	at io.github.atommed.ads.HashMap.grow(HashMap.java:121)
	at io.github.atommed.ads.HashMap.put(HashMap.java:129)
	at io.github.atommed.ads.HashMap.grow(HashMap.java:121)
	at io.github.atommed.ads.HashMap.put(HashMap.java:129)
	at io.github.atommed.ads.HashMap.grow(HashMap.java:121)
	at io.github.atommed.ads.HashMap.put(HashMap.java:129)
	at io.github.atommed.ads.HashMap.grow(HashMap.java:121)
	at io.github.atommed.ads.HashMap.put(HashMap.java:129)
	at io.github.atommed.ads.HashMap.grow(HashMap.java:121)
	at io.github.atommed.ads.HashMap.put(HashMap.java:129)
	at io.github.atommed.ads.HashMap.grow(HashMap.java:121)
	at io.github.atommed.ads.HashMap.put(HashMap.java:129)
	at io.github.atommed.ads.HashMap.grow(HashMap.java:121)
	at io.github.atommed.ads.HashMap.put(HashMap.java:129)
	at io.github.atommed.ads.HashMap.grow(HashMap.java:121)
	at io.github.atommed.ads.HashMap.put(HashMap.java:129)
	at io.github.atommed.ads.HashMap.grow(HashMap.java:121)
	at io.github.atommed.ads.HashMap.put(HashMap.java:129)
	at io.github.atommed.ads.HashMap.grow(HashMap.java:121)
	at io.github.atommed.ads.HashMap.put(HashMap.java:129)
addValuesSaved(io.github.atommed.ads.MapTests)  Time elapsed: 37.655 sec  <<< ERROR!
java.lang.OutOfMemoryError: Java heap space
	at io.github.atommed.ads.HashMap.grow(HashMap.java:116)
	at io.github.atommed.ads.HashMap.put(HashMap.java:129)
	at io.github.atommed.ads.HashMap.grow(HashMap.java:121)
	at io.github.atommed.ads.HashMap.put(HashMap.java:129)
	at io.github.atommed.ads.HashMap.grow(HashMap.java:121)
	at io.github.atommed.ads.HashMap.put(HashMap.java:129)
	at io.github.atommed.ads.HashMap.grow(HashMap.java:121)
	at io.github.atommed.ads.HashMap.put(HashMap.java:129)
	at io.github.atommed.ads.HashMap.grow(HashMap.java:121)
	at io.github.atommed.ads.HashMap.put(HashMap.java:129)
	at io.github.atommed.ads.HashMap.grow(HashMap.java:121)
	at io.github.atommed.ads.HashMap.put(HashMap.java:129)
	at io.github.atommed.ads.HashMap.grow(HashMap.java:121)
	at io.github.atommed.ads.HashMap.put(HashMap.java:129)
	at io.github.atommed.ads.HashMap.grow(HashMap.java:121)
	at io.github.atommed.ads.HashMap.put(HashMap.java:129)
	at io.github.atommed.ads.HashMap.grow(HashMap.java:121)
	at io.github.atommed.ads.HashMap.put(HashMap.java:129)
	at io.github.atommed.ads.HashMap.grow(HashMap.java:121)
	at io.github.atommed.ads.HashMap.put(HashMap.java:129)
	at io.github.atommed.ads.HashMap.grow(HashMap.java:121)
	at io.github.atommed.ads.HashMap.put(HashMap.java:129)
	at io.github.atommed.ads.HashMap.grow(HashMap.java:121)
	at io.github.atommed.ads.HashMap.put(HashMap.java:129)
	at io.github.atommed.ads.HashMap.grow(HashMap.java:121)
	at io.github.atommed.ads.HashMap.put(HashMap.java:129)
	at io.github.atommed.ads.HashMap.grow(HashMap.java:121)
	at io.github.atommed.ads.HashMap.put(HashMap.java:129)
	at io.github.atommed.ads.HashMap.grow(HashMap.java:121)
	at io.github.atommed.ads.HashMap.put(HashMap.java:129)
	at io.github.atommed.ads.HashMap.grow(HashMap.java:121)
	at io.github.atommed.ads.HashMap.put(HashMap.java:129)
collisionsHandled(io.github.atommed.ads.MapTests)  Time elapsed: 37.292 sec  <<< ERROR!
java.lang.OutOfMemoryError: Java heap space
	at io.github.atommed.ads.HashMap.grow(HashMap.java:116)
	at io.github.atommed.ads.HashMap.put(HashMap.java:129)
	at io.github.atommed.ads.HashMap.grow(HashMap.java:121)
	at io.github.atommed.ads.HashMap.put(HashMap.java:129)
	at io.github.atommed.ads.HashMap.grow(HashMap.java:121)
	at io.github.atommed.ads.HashMap.put(HashMap.java:129)
	at io.github.atommed.ads.HashMap.grow(HashMap.java:121)
	at io.github.atommed.ads.HashMap.put(HashMap.java:129)
	at io.github.atommed.ads.HashMap.grow(HashMap.java:121)
	at io.github.atommed.ads.HashMap.put(HashMap.java:129)
	at io.github.atommed.ads.HashMap.grow(HashMap.java:121)
	at io.github.atommed.ads.HashMap.put(HashMap.java:129)
	at io.github.atommed.ads.HashMap.grow(HashMap.java:121)
	at io.github.atommed.ads.HashMap.put(HashMap.java:129)
	at io.github.atommed.ads.HashMap.grow(HashMap.java:121)
	at io.github.atommed.ads.HashMap.put(HashMap.java:129)
	at io.github.atommed.ads.HashMap.grow(HashMap.java:121)
	at io.github.atommed.ads.HashMap.put(HashMap.java:129)
	at io.github.atommed.ads.HashMap.grow(HashMap.java:121)
	at io.github.atommed.ads.HashMap.put(HashMap.java:129)
	at io.github.atommed.ads.HashMap.grow(HashMap.java:121)
	at io.github.atommed.ads.HashMap.put(HashMap.java:129)
	at io.github.atommed.ads.HashMap.grow(HashMap.java:121)
	at io.github.atommed.ads.HashMap.put(HashMap.java:129)
	at io.github.atommed.ads.HashMap.grow(HashMap.java:121)
	at io.github.atommed.ads.HashMap.put(HashMap.java:129)
	at io.github.atommed.ads.HashMap.grow(HashMap.java:121)
	at io.github.atommed.ads.HashMap.put(HashMap.java:129)
	at io.github.atommed.ads.HashMap.grow(HashMap.java:121)
	at io.github.atommed.ads.HashMap.put(HashMap.java:129)
	at io.github.atommed.ads.HashMap.grow(HashMap.java:121)
	at io.github.atommed.ads.HashMap.put(HashMap.java:129)
